[graph 1]
0-0-1-1-1-1
0-0-1-1-1-1
1-1-0-1-1-1
1-1-1-0-1-1
1-1-1-1-0-1
1-1-1-1-1-0
Result: It is a Hamilton graph
Hamilton cycle is 0-4-5-3-1-2-0

[graph 2]
0-1-1
1-0-1
1-1-0
Result: It is a Hamilton graph
Hamilton cycle is 0-1-2-0

[graph 3]
0-1-1-1
1-0-1-0
1-1-0-1
1-0-1-0
Result: It is a Hamilton graph
Hamilton cycle is 0-3-2-1-0

[graph 4]
0-1-1-1
1-0-1-1
1-1-0-1
1-1-1-0
Result: It is a Hamilton graph
Hamilton cycle is 0-2-3-1-0

[graph 5]
0-1-0-0-0-0-0-0-0-0-0
1-0-1-1-0-0-0-0-0-0-0
0-1-0-0-0-0-0-0-0-0-0
0-1-0-0-1-0-0-0-0-0-0
0-0-0-1-0-1-0-0-0-0-0
0-0-0-0-1-0-1-0-0-0-0
0-0-0-0-0-1-0-1-0-0-0
0-0-0-0-0-0-1-0-0-0-1
0-0-0-0-0-0-0-0-0-1-0
0-0-0-0-0-0-0-0-1-0-1
0-0-0-0-0-0-0-1-0-1-0
Result: It is not a Hamilton graph

[graph 6]
0-1-0-0-1-0
1-0-1-0-1-0
0-1-0-1-1-0
0-0-1-0-0-0
1-1-1-0-0-1
0-0-0-0-1-0
Result: It is not a Hamilton graph

[graph 7]
0-1-1-0-1
1-0-1-0-0
1-1-0-1-1
0-0-1-0-0
1-0-1-0-0
Result: It is not a Hamilton graph

[graph 8]
0-1-1-0
1-0-1-0
1-1-0-1
0-0-1-0
Result: It is not a Hamilton graph

